mode: set
gateway/internal/ethsign/ethsign.go:40.90,49.16 4 1
gateway/internal/ethsign/ethsign.go:49.16,51.3 1 0
gateway/internal/ethsign/ethsign.go:52.2,63.16 4 1
gateway/internal/ethsign/ethsign.go:63.16,65.3 1 0
gateway/internal/ethsign/ethsign.go:66.2,73.16 4 1
gateway/internal/ethsign/ethsign.go:73.16,75.3 1 0
gateway/internal/ethsign/ethsign.go:77.2,79.42 2 1
gateway/internal/ethsign/ethsign.go:87.85,98.28 6 1
gateway/internal/ethsign/ethsign.go:98.28,102.3 3 1
gateway/internal/ethsign/ethsign.go:103.2,107.16 3 1
gateway/internal/ethsign/ethsign.go:107.16,109.3 1 0
gateway/internal/ethsign/ethsign.go:112.2,114.26 3 1
gateway/internal/ethsign/ethsign.go:114.26,116.3 1 1
gateway/internal/ethsign/ethsign.go:119.2,128.16 8 1
gateway/internal/ethsign/ethsign.go:128.16,130.3 1 0
gateway/internal/ethsign/ethsign.go:133.2,138.20 5 1
gateway/internal/ethsign/ethsign.go:143.125,150.31 4 1
gateway/internal/ethsign/ethsign.go:150.31,152.23 2 1
gateway/internal/ethsign/ethsign.go:152.23,157.76 4 1
gateway/internal/ethsign/ethsign.go:157.76,159.5 1 1
gateway/internal/ethsign/ethsign.go:163.2,164.49 1 1
gateway/internal/ethsign/ethsign.go:168.95,173.21 3 1
gateway/internal/ethsign/ethsign.go:173.21,176.3 1 1
gateway/internal/ethsign/ethsign.go:179.2,179.35 1 1
gateway/internal/ethsign/ethsign.go:179.35,181.3 1 1
gateway/internal/ethsign/ethsign.go:184.2,191.14 6 1
gateway/internal/ethsign/ethsign.go:191.14,193.3 1 1
gateway/internal/ethsign/ethsign.go:196.2,196.44 1 1
gateway/internal/ethsign/ethsign.go:196.44,198.3 1 1
gateway/internal/ethsign/ethsign.go:201.2,201.29 1 1
gateway/internal/ethsign/ethsign.go:201.29,203.3 1 0
gateway/internal/ethsign/ethsign.go:209.2,210.17 2 1
gateway/internal/ethsign/ethsign.go:210.17,212.3 1 0
gateway/internal/ethsign/ethsign.go:215.2,233.30 7 1
gateway/internal/ethsign/ethsign.go:233.30,235.3 1 1
gateway/internal/ethsign/ethsign.go:238.2,244.15 5 1
gateway/internal/ethsign/ethsign.go:251.54,268.2 9 1
gateway/internal/ethsign/ethsign.go:272.42,274.40 2 1
gateway/internal/ethsign/ethsign.go:274.40,276.3 1 0
gateway/internal/ethsign/ethsign.go:277.2,277.35 1 1
gateway/cache.go:33.34,39.2 1 1
gateway/cache.go:42.60,50.2 3 1
gateway/cache.go:53.46,56.20 3 1
gateway/cache.go:56.20,58.3 1 1
gateway/cache.go:60.2,60.51 1 1
gateway/cache.go:60.51,62.3 1 1
gateway/cache.go:64.2,68.3 1 1
gateway/cache.go:72.80,77.34 3 1
gateway/cache.go:77.34,81.30 3 1
gateway/cache.go:81.30,82.56 1 1
gateway/cache.go:82.56,85.5 2 1
gateway/cache.go:87.3,87.22 1 1
gateway/cache.go:87.22,89.4 1 1
gateway/cache.go:92.2,96.3 1 1
gateway/cache.go:100.73,105.13 4 1
gateway/cache.go:105.13,107.3 1 1
gateway/cache.go:108.2,108.40 1 1
gateway/cache.go:108.40,110.3 1 0
gateway/cache.go:111.2,111.21 1 1
gateway/cache.go:115.43,121.29 5 1
gateway/cache.go:121.29,122.29 1 1
gateway/cache.go:122.29,125.4 2 1
gateway/cache.go:127.2,127.16 1 1
gateway/cache.go:131.39,135.2 3 1
gateway/gateway_server.go:40.38,41.22 1 1
gateway/gateway_server.go:41.22,43.3 1 1
gateway/gateway_server.go:44.2,44.62 1 1
gateway/gateway_server.go:50.49,51.27 1 1
gateway/gateway_server.go:51.27,53.3 1 1
gateway/gateway_server.go:54.2,54.32 1 1
gateway/gateway_server.go:100.59,106.2 1 1
gateway/gateway_server.go:113.61,118.13 4 1
gateway/gateway_server.go:118.13,120.43 1 1
gateway/gateway_server.go:120.43,123.38 3 1
gateway/gateway_server.go:123.38,124.60 1 1
gateway/gateway_server.go:124.60,127.6 2 1
gateway/gateway_server.go:129.4,129.22 1 1
gateway/gateway_server.go:129.22,131.5 1 1
gateway/gateway_server.go:134.3,139.17 3 1
gateway/gateway_server.go:142.2,143.22 2 1
gateway/gateway_server.go:147.59,153.36 5 1
gateway/gateway_server.go:153.36,154.39 1 1
gateway/gateway_server.go:154.39,157.4 2 1
gateway/gateway_server.go:159.2,159.16 1 1
gateway/gateway_server.go:175.83,182.2 1 1
gateway/gateway_server.go:185.40,189.18 3 1
gateway/gateway_server.go:190.16,191.14 1 1
gateway/gateway_server.go:192.14,194.51 1 1
gateway/gateway_server.go:194.51,198.4 3 1
gateway/gateway_server.go:199.3,199.15 1 1
gateway/gateway_server.go:200.19,202.43 1 1
gateway/gateway_server.go:202.43,205.4 2 1
gateway/gateway_server.go:206.3,206.15 1 1
gateway/gateway_server.go:208.2,208.14 1 1
gateway/gateway_server.go:212.43,216.29 3 1
gateway/gateway_server.go:216.29,220.3 2 1
gateway/gateway_server.go:224.43,231.60 5 1
gateway/gateway_server.go:231.60,233.3 1 1
gateway/gateway_server.go:237.42,241.2 3 1
gateway/gateway_server.go:265.64,270.2 4 1
gateway/gateway_server.go:277.62,282.53 3 1
gateway/gateway_server.go:282.53,286.41 3 1
gateway/gateway_server.go:286.41,287.47 1 1
gateway/gateway_server.go:287.47,290.5 2 1
gateway/gateway_server.go:292.3,292.22 1 1
gateway/gateway_server.go:292.22,294.4 1 1
gateway/gateway_server.go:296.2,296.43 1 1
gateway/gateway_server.go:300.51,306.47 5 1
gateway/gateway_server.go:306.47,307.36 1 1
gateway/gateway_server.go:307.36,310.4 2 1
gateway/gateway_server.go:312.2,312.16 1 1
gateway/gateway_server.go:317.68,318.45 1 1
gateway/gateway_server.go:318.45,320.3 1 0
gateway/gateway_server.go:323.2,324.80 2 1
gateway/gateway_server.go:324.80,329.3 2 1
gateway/gateway_server.go:332.2,332.66 1 1
gateway/gateway_server.go:332.66,338.3 2 1
gateway/gateway_server.go:341.2,348.36 3 0
gateway/gateway_server.go:348.36,353.3 2 0
gateway/gateway_server.go:471.46,472.23 1 1
gateway/gateway_server.go:472.23,474.3 1 1
gateway/gateway_server.go:476.2,477.16 2 1
gateway/gateway_server.go:477.16,479.3 1 1
gateway/gateway_server.go:482.2,485.24 3 1
gateway/gateway_server.go:485.24,487.3 1 1
gateway/gateway_server.go:488.2,488.33 1 1
gateway/gateway_server.go:488.33,490.3 1 1
gateway/gateway_server.go:492.2,492.12 1 1
gateway/gateway_server.go:503.60,504.20 1 1
gateway/gateway_server.go:504.20,506.3 1 1
gateway/gateway_server.go:509.2,509.27 1 1
gateway/gateway_server.go:509.27,511.3 1 1
gateway/gateway_server.go:512.2,512.26 1 1
gateway/gateway_server.go:512.26,514.3 1 1
gateway/gateway_server.go:515.2,515.23 1 1
gateway/gateway_server.go:515.23,517.3 1 1
gateway/gateway_server.go:520.2,520.32 1 1
gateway/gateway_server.go:520.32,522.3 1 1
gateway/gateway_server.go:523.2,523.31 1 1
gateway/gateway_server.go:523.31,525.3 1 1
gateway/gateway_server.go:526.2,526.29 1 1
gateway/gateway_server.go:526.29,528.3 1 1
gateway/gateway_server.go:531.2,534.33 4 1
gateway/gateway_server.go:534.33,536.3 1 1
gateway/gateway_server.go:537.2,537.35 1 1
gateway/gateway_server.go:537.35,538.32 1 1
gateway/gateway_server.go:538.32,540.4 1 1
gateway/gateway_server.go:541.3,541.28 1 1
gateway/gateway_server.go:541.28,542.36 1 1
gateway/gateway_server.go:542.36,544.5 1 1
gateway/gateway_server.go:550.2,551.16 2 1
gateway/gateway_server.go:551.16,553.3 1 0
gateway/gateway_server.go:554.2,560.35 4 1
gateway/gateway_server.go:560.35,562.3 1 1
gateway/gateway_server.go:565.2,566.16 2 1
gateway/gateway_server.go:566.16,568.3 1 1
gateway/gateway_server.go:571.2,572.29 2 1
gateway/gateway_server.go:572.29,573.13 1 1
gateway/gateway_server.go:573.13,575.9 2 1
gateway/gateway_server.go:578.2,578.12 1 1
gateway/gateway_server.go:578.12,580.3 1 0
gateway/gateway_server.go:582.2,583.16 2 1
gateway/gateway_server.go:583.16,585.3 1 0
gateway/gateway_server.go:587.2,588.16 2 1
gateway/gateway_server.go:588.16,590.3 1 0
gateway/gateway_server.go:593.2,594.32 2 1
gateway/gateway_server.go:594.32,595.13 1 1
gateway/gateway_server.go:595.13,597.9 2 1
gateway/gateway_server.go:600.2,600.18 1 1
gateway/gateway_server.go:600.18,602.3 1 0
gateway/gateway_server.go:604.2,605.16 2 1
gateway/gateway_server.go:605.16,607.3 1 0
gateway/gateway_server.go:609.2,610.16 2 1
gateway/gateway_server.go:610.16,612.3 1 0
gateway/gateway_server.go:614.2,614.39 1 1
gateway/gateway_server.go:614.39,616.3 1 0
gateway/gateway_server.go:618.2,618.12 1 1
gateway/gateway_server.go:622.62,623.71 1 1
gateway/gateway_server.go:623.71,624.16 1 1
gateway/gateway_server.go:624.16,625.36 1 1
gateway/gateway_server.go:625.36,627.22 2 1
gateway/gateway_server.go:627.22,634.6 1 1
gateway/gateway_server.go:634.11,636.6 1 0
gateway/gateway_server.go:637.5,637.75 1 1
gateway/gateway_server.go:640.3,640.23 1 1
gateway/gateway_server.go:702.13,705.20 2 1
gateway/gateway_server.go:705.20,707.3 1 1
gateway/gateway_server.go:709.2,710.39 2 1
gateway/gateway_server.go:710.39,712.3 1 0
gateway/gateway_server.go:712.8,715.3 2 1
gateway/gateway_server.go:718.2,719.16 2 1
gateway/gateway_server.go:719.16,721.3 1 0
gateway/gateway_server.go:722.2,725.16 3 1
gateway/gateway_server.go:725.16,727.3 1 0
gateway/gateway_server.go:730.2,734.25 3 1
gateway/gateway_server.go:734.25,736.3 1 0
gateway/gateway_server.go:738.2,741.58 2 1
gateway/gateway_server.go:741.58,743.3 1 0
gateway/gateway_server.go:745.2,746.16 2 1
gateway/gateway_server.go:746.16,748.3 1 0
gateway/gateway_server.go:750.2,751.16 2 1
gateway/gateway_server.go:751.16,753.3 1 0
gateway/gateway_server.go:757.2,789.31 4 1
gateway/gateway_server.go:789.31,791.3 1 1
gateway/gateway_server.go:794.34,796.52 1 1
gateway/gateway_server.go:796.52,797.20 1 0
gateway/gateway_server.go:797.20,799.4 1 0
gateway/gateway_server.go:799.9,801.4 1 0
gateway/gateway_server.go:804.2,804.51 1 1
gateway/gateway_server.go:804.51,805.20 1 1
gateway/gateway_server.go:805.20,807.4 1 1
gateway/gateway_server.go:807.9,809.4 1 0
gateway/gateway_server.go:812.2,816.29 3 1
gateway/gateway_server.go:816.29,818.3 1 0
gateway/gateway_server.go:820.2,821.29 2 1
gateway/gateway_server.go:821.29,824.3 2 1
gateway/gateway_server.go:826.2,827.32 2 1
gateway/gateway_server.go:827.32,829.3 1 0
gateway/gateway_server.go:831.2,832.30 2 1
gateway/gateway_server.go:832.30,834.3 1 0
gateway/gateway_server.go:837.2,838.27 2 1
gateway/gateway_server.go:838.27,840.3 1 1
gateway/gateway_server.go:840.8,842.72 2 1
gateway/gateway_server.go:842.72,844.4 1 0
gateway/gateway_server.go:845.3,845.61 1 1
gateway/gateway_server.go:848.2,849.30 2 1
gateway/gateway_server.go:849.30,851.3 1 1
gateway/gateway_server.go:851.8,853.75 2 1
gateway/gateway_server.go:853.75,855.4 1 0
gateway/gateway_server.go:856.3,856.64 1 1
gateway/gateway_server.go:859.2,860.25 2 1
gateway/gateway_server.go:860.25,862.3 1 1
gateway/gateway_server.go:862.8,863.80 1 1
gateway/gateway_server.go:863.80,865.4 1 0
gateway/gateway_server.go:871.2,872.26 2 1
gateway/gateway_server.go:872.26,874.3 1 1
gateway/gateway_server.go:874.8,876.73 2 1
gateway/gateway_server.go:876.73,878.4 1 0
gateway/gateway_server.go:879.3,879.45 1 1
gateway/gateway_server.go:882.2,883.22 2 1
gateway/gateway_server.go:883.22,885.3 1 1
gateway/gateway_server.go:885.8,886.79 1 1
gateway/gateway_server.go:886.79,888.4 1 0
gateway/gateway_server.go:893.2,894.40 2 1
gateway/gateway_server.go:894.40,896.77 1 1
gateway/gateway_server.go:896.77,898.4 1 0
gateway/gateway_server.go:901.3,902.85 2 1
gateway/gateway_server.go:903.8,905.46 1 0
gateway/gateway_server.go:905.46,907.4 1 0
gateway/gateway_server.go:908.3,908.75 1 0
gateway/gateway_server.go:908.75,910.4 1 0
gateway/gateway_server.go:914.2,915.33 2 1
gateway/gateway_server.go:915.33,917.3 1 1
gateway/gateway_server.go:920.2,921.34 2 1
gateway/gateway_server.go:921.34,923.3 1 1
gateway/gateway_server.go:923.8,925.79 2 1
gateway/gateway_server.go:925.79,927.4 1 0
gateway/gateway_server.go:928.3,928.68 1 1
gateway/gateway_server.go:932.2,933.30 2 1
gateway/gateway_server.go:933.30,935.3 1 1
gateway/gateway_server.go:935.8,937.3 1 1
gateway/gateway_server.go:940.2,941.32 2 1
gateway/gateway_server.go:941.32,943.3 1 1
gateway/gateway_server.go:945.2,946.31 2 1
gateway/gateway_server.go:946.31,950.3 2 1
gateway/gateway_server.go:950.8,952.37 1 0
gateway/gateway_server.go:952.37,954.4 1 0
gateway/gateway_server.go:955.3,955.66 1 0
gateway/gateway_server.go:955.66,957.4 1 0
gateway/gateway_server.go:960.2,961.31 2 1
gateway/gateway_server.go:961.31,963.3 1 1
gateway/gateway_server.go:965.2,965.15 1 1
gateway/gateway_server.go:968.13,982.16 8 0
gateway/gateway_server.go:982.16,984.3 1 0
gateway/gateway_server.go:985.2,1015.12 6 0
gateway/gateway_server.go:1015.12,1016.84 1 0
gateway/gateway_server.go:1016.84,1018.4 1 0
gateway/gateway_server.go:1019.3,1019.20 1 0
gateway/gateway_server.go:1023.2,1037.57 8 0
gateway/gateway_server.go:1037.57,1039.3 1 0
gateway/gateway_server.go:1042.2,1044.41 2 0
gateway/gateway_server.go:1048.73,1049.71 1 1
gateway/gateway_server.go:1049.71,1062.3 7 1
gateway/gateway_server.go:1066.42,1069.15 2 1
gateway/gateway_server.go:1069.15,1072.19 2 1
gateway/gateway_server.go:1072.19,1074.16 2 1
gateway/gateway_server.go:1074.16,1076.5 1 1
gateway/gateway_server.go:1081.2,1082.15 2 1
gateway/gateway_server.go:1082.15,1084.3 1 1
gateway/gateway_server.go:1087.2,1088.60 2 1
gateway/gateway_server.go:1088.60,1090.3 1 1
gateway/gateway_server.go:1091.2,1091.11 1 1
gateway/gateway_server.go:1096.77,1097.71 1 1
gateway/gateway_server.go:1097.71,1101.23 3 1
gateway/gateway_server.go:1101.23,1109.4 4 1
gateway/gateway_server.go:1110.3,1110.23 1 1
gateway/gateway_server.go:1120.49,1123.2 2 1
gateway/gateway_server.go:1142.78,1146.25 2 1
gateway/gateway_server.go:1146.26,1149.3 0 1
gateway/gateway_server.go:1149.8,1151.3 1 0
gateway/gateway_server.go:1152.2,1156.27 3 1
gateway/gateway_server.go:1156.27,1159.3 2 1
gateway/gateway_server.go:1161.2,1161.23 1 1
gateway/gateway_server.go:1161.23,1164.3 2 1
gateway/gateway_server.go:1167.2,1168.17 2 1
gateway/gateway_server.go:1168.17,1171.3 2 1
gateway/gateway_server.go:1174.2,1175.56 2 1
gateway/gateway_server.go:1175.56,1178.3 2 1
gateway/gateway_server.go:1181.2,1181.13 1 1
gateway/gateway_server.go:1181.13,1184.3 2 1
gateway/gateway_server.go:1186.2,1190.24 3 1
gateway/gateway_server.go:1190.24,1194.3 3 1
gateway/gateway_server.go:1196.2,1209.16 3 0
gateway/gateway_server.go:1209.16,1215.3 3 0
gateway/gateway_server.go:1217.2,1223.62 2 0
gateway/gateway_server.go:1223.62,1230.3 4 0
gateway/gateway_server.go:1233.2,1234.16 2 0
gateway/gateway_server.go:1234.16,1240.3 1 0
gateway/gateway_server.go:1240.8,1240.25 1 0
gateway/gateway_server.go:1240.25,1249.3 5 0
gateway/gateway_server.go:1252.2,1255.24 2 0
gateway/gateway_server.go:1259.121,1266.2 3 0
gateway/gateway_server.go:1269.74,1273.16 2 1
gateway/gateway_server.go:1273.16,1277.3 3 0
gateway/gateway_server.go:1279.2,1296.43 6 1
gateway/gateway_server.go:1296.43,1304.3 4 1
gateway/gateway_server.go:1305.2,1321.92 6 1
gateway/gateway_server.go:1321.92,1338.3 9 1
gateway/gateway_server.go:1339.2,1342.9 2 1
gateway/gateway_server.go:1343.38,1346.22 2 1
gateway/gateway_server.go:1346.22,1351.4 1 0
gateway/gateway_server.go:1352.3,1365.80 7 1
gateway/gateway_server.go:1365.80,1374.4 4 0
gateway/gateway_server.go:1377.3,1387.38 5 1
gateway/gateway_server.go:1389.43,1410.38 10 1
gateway/gateway_server.go:1418.77,1419.24 1 1
gateway/gateway_server.go:1419.24,1422.3 2 1
gateway/gateway_server.go:1425.2,1429.61 4 1
gateway/gateway_server.go:1429.61,1432.3 2 1
gateway/gateway_server.go:1436.2,1437.93 2 1
gateway/gateway_server.go:1437.93,1440.3 2 1
gateway/gateway_server.go:1443.2,1456.43 5 1
gateway/gateway_server.go:1456.43,1464.3 4 1
gateway/gateway_server.go:1465.2,1478.106 5 1
gateway/gateway_server.go:1478.106,1495.3 9 1
gateway/gateway_server.go:1496.2,1499.9 2 1
gateway/gateway_server.go:1500.38,1503.28 2 1
gateway/gateway_server.go:1503.28,1507.4 1 1
gateway/gateway_server.go:1507.9,1512.4 1 1
gateway/gateway_server.go:1514.3,1521.80 6 1
gateway/gateway_server.go:1521.80,1529.4 4 0
gateway/gateway_server.go:1531.3,1532.43 2 1
gateway/gateway_server.go:1534.43,1555.38 10 1
gateway/gateway_server.go:1570.79,1571.24 1 1
gateway/gateway_server.go:1571.24,1574.3 2 1
gateway/gateway_server.go:1577.2,1581.16 4 1
gateway/gateway_server.go:1581.16,1585.3 3 1
gateway/gateway_server.go:1587.2,1588.55 2 1
gateway/gateway_server.go:1588.55,1592.3 3 1
gateway/gateway_server.go:1596.2,1596.27 1 1
gateway/gateway_server.go:1596.27,1603.3 4 1
gateway/gateway_server.go:1607.2,1607.25 1 1
gateway/gateway_server.go:1607.25,1614.3 4 1
gateway/gateway_server.go:1617.2,1617.42 1 1
gateway/gateway_server.go:1617.42,1624.3 4 1
gateway/gateway_server.go:1628.2,1628.57 1 1
gateway/gateway_server.go:1628.57,1637.3 4 1
gateway/gateway_server.go:1643.2,1643.68 1 1
gateway/gateway_server.go:1643.68,1650.3 4 0
gateway/gateway_server.go:1655.2,1661.50 4 1
gateway/gateway_server.go:1661.50,1671.3 4 1
gateway/gateway_server.go:1672.2,1672.51 1 1
gateway/gateway_server.go:1672.51,1682.3 4 1
gateway/gateway_server.go:1685.2,1694.18 4 1
gateway/gateway_server.go:1694.18,1701.3 4 1
gateway/gateway_server.go:1705.2,1708.30 4 1
gateway/gateway_server.go:1708.30,1710.3 1 1
gateway/gateway_server.go:1711.2,1713.34 2 1
gateway/gateway_server.go:1713.34,1725.3 5 1
gateway/gateway_server.go:1730.2,1730.9 1 1
gateway/gateway_server.go:1730.9,1731.16 1 1
gateway/gateway_server.go:1731.16,1732.32 1 1
gateway/gateway_server.go:1732.32,1740.5 2 0
gateway/gateway_server.go:1742.3,1742.10 1 1
gateway/gateway_server.go:1743.31,1749.5 2 1
gateway/gateway_server.go:1750.11,1756.5 2 0
gateway/gateway_server.go:1760.2,1761.23 2 1
gateway/gateway_server.go:1774.78,1775.23 1 1
gateway/gateway_server.go:1775.23,1778.3 2 1
gateway/gateway_server.go:1780.2,1781.21 2 1
gateway/gateway_server.go:1781.21,1784.3 2 1
gateway/gateway_server.go:1786.2,1790.13 4 1
gateway/gateway_server.go:1790.13,1793.3 2 1
gateway/gateway_server.go:1796.2,1796.60 1 1
gateway/gateway_server.go:1796.60,1798.88 2 1
gateway/gateway_server.go:1798.88,1802.4 3 1
gateway/gateway_server.go:1806.2,1812.33 2 1
gateway/gateway_server.go:1812.33,1814.3 1 1
gateway/gateway_server.go:1816.2,1817.37 2 1
gateway/gateway_server.go:1849.59,1864.2 5 1
gateway/gateway_server.go:1867.81,1880.30 7 1
gateway/gateway_server.go:1880.30,1882.3 1 1
gateway/gateway_server.go:1885.2,1893.27 7 1
gateway/gateway_server.go:1893.27,1897.3 3 1
gateway/gateway_server.go:1897.8,1897.35 1 1
gateway/gateway_server.go:1897.35,1901.3 3 0
gateway/gateway_server.go:1903.2,1910.25 2 1
gateway/gateway_server.go:1910.25,1917.3 2 1
gateway/gateway_server.go:1917.8,1923.3 1 1
gateway/gateway_server.go:1926.2,1941.33 3 1
gateway/gateway_server.go:1941.33,1943.3 1 1
gateway/gateway_server.go:1943.8,1943.41 1 1
gateway/gateway_server.go:1943.41,1945.3 1 1
gateway/gateway_server.go:1947.2,1954.39 4 1
gateway/gateway_server.go:1954.39,1956.27 2 1
gateway/gateway_server.go:1957.13,1958.21 1 1
gateway/gateway_server.go:1959.19,1960.21 1 1
gateway/gateway_server.go:1961.15,1962.21 1 1
gateway/gateway_server.go:1964.3,1964.61 1 1
gateway/gateway_server.go:1968.2,1968.32 1 1
gateway/gateway_server.go:1968.32,1973.3 1 1
gateway/gateway_server.go:1977.69,1985.16 5 1
gateway/gateway_server.go:1985.16,1991.3 1 1
gateway/gateway_server.go:1993.2,2001.16 5 1
gateway/gateway_server.go:2001.16,2011.3 2 1
gateway/gateway_server.go:2012.2,2018.29 4 1
gateway/gateway_server.go:2018.29,2021.3 2 0
gateway/gateway_server.go:2023.2,2028.3 1 1
gateway/gateway_server.go:2033.126,2035.31 1 1
gateway/gateway_server.go:2035.31,2042.3 2 1
gateway/gateway_server.go:2045.2,2050.23 2 1
gateway/gateway_server.go:2050.23,2052.3 1 1
gateway/gateway_server.go:2053.2,2053.22 1 1
gateway/gateway_server.go:2053.22,2055.3 1 1
gateway/gateway_server.go:2058.2,2074.16 4 1
gateway/gateway_server.go:2074.16,2076.3 1 0
gateway/gateway_server.go:2079.2,2084.16 4 1
gateway/gateway_server.go:2084.16,2086.3 1 0
gateway/gateway_server.go:2089.2,2090.16 2 1
gateway/gateway_server.go:2090.16,2092.3 1 0
gateway/gateway_server.go:2095.2,2096.16 2 1
gateway/gateway_server.go:2096.16,2098.3 1 0
gateway/gateway_server.go:2100.2,2105.16 5 1
gateway/gateway_server.go:2105.16,2108.3 2 1
gateway/gateway_server.go:2109.2,2113.54 3 1
gateway/gateway_server.go:2113.54,2115.29 1 1
gateway/gateway_server.go:2115.29,2117.4 1 1
gateway/gateway_server.go:2118.3,2118.84 1 1
gateway/gateway_server.go:2122.2,2123.12 2 1
gateway/gateway_server.go:2129.45,2130.24 1 1
gateway/gateway_server.go:2130.24,2132.3 1 1
gateway/gateway_server.go:2133.2,2133.21 1 1
gateway/gateway_server.go:2138.49,2139.27 1 1
gateway/gateway_server.go:2139.27,2140.37 1 1
gateway/gateway_server.go:2140.37,2142.4 1 1
gateway/gateway_server.go:2144.2,2144.11 1 1
gateway/gateway_server.go:2150.60,2151.45 1 1
gateway/gateway_server.go:2151.45,2153.3 1 1
gateway/gateway_server.go:2154.2,2155.80 2 1
gateway/gateway_server.go:2155.80,2157.3 1 1
gateway/gateway_server.go:2158.2,2158.37 1 1
gateway/gateway_server.go:2163.51,2166.16 2 1
gateway/gateway_server.go:2166.16,2168.3 1 1
gateway/gateway_server.go:2170.2,2171.52 2 1
gateway/gateway_server.go:2171.52,2173.3 1 0
gateway/gateway_server.go:2176.2,2177.59 2 1
gateway/gateway_server.go:2177.59,2179.3 1 0
gateway/gateway_server.go:2181.2,2181.25 1 1
gateway/gateway_server.go:2186.69,2187.25 1 1
gateway/gateway_server.go:2188.30,2191.22 3 1
gateway/gateway_server.go:2191.22,2193.4 1 1
gateway/gateway_server.go:2194.3,2196.26 2 1
gateway/gateway_server.go:2196.26,2197.13 1 1
gateway/gateway_server.go:2197.13,2199.5 1 1
gateway/gateway_server.go:2200.4,2203.62 4 1
gateway/gateway_server.go:2203.62,2205.5 1 0
gateway/gateway_server.go:2207.3,2207.23 1 1
gateway/gateway_server.go:2208.21,2210.28 2 1
gateway/gateway_server.go:2210.28,2211.13 1 1
gateway/gateway_server.go:2211.13,2213.5 1 1
gateway/gateway_server.go:2214.4,2214.60 1 1
gateway/gateway_server.go:2214.60,2216.5 1 0
gateway/gateway_server.go:2218.3,2218.23 1 1
gateway/gateway_server.go:2219.10,2221.17 2 1
gateway/gateway_server.go:2221.17,2223.4 1 0
gateway/gateway_server.go:2224.3,2224.15 1 1
gateway/gateway_server.go:2226.2,2226.12 1 1
gateway/gateway_server.go:2286.50,2298.6 5 1
gateway/gateway_server.go:2298.6,2299.10 1 1
gateway/gateway_server.go:2300.25,2302.10 2 1
gateway/gateway_server.go:2303.19,2304.25 1 0
gateway/gateway_server.go:2310.45,2318.16 5 1
gateway/gateway_server.go:2318.16,2322.3 3 0
gateway/gateway_server.go:2324.2,2326.16 3 1
gateway/gateway_server.go:2326.16,2333.3 3 1
gateway/gateway_server.go:2334.2,2339.38 4 1
gateway/gateway_server.go:2339.38,2347.3 4 1
gateway/gateway_server.go:2350.2,2351.71 2 1
gateway/gateway_server.go:2351.71,2355.3 3 1
gateway/gateway_server.go:2358.2,2362.31 3 1
gateway/gateway_server.go:2362.31,2372.46 3 1
gateway/gateway_server.go:2372.46,2374.4 1 1
gateway/gateway_server.go:2375.3,2375.33 1 1
gateway/gateway_server.go:2375.33,2383.4 2 1
gateway/gateway_server.go:2384.3,2384.39 1 1
gateway/gateway_server.go:2384.39,2388.4 1 1
gateway/gateway_server.go:2391.3,2391.57 1 1
gateway/gateway_server.go:2392.8,2398.3 1 1
gateway/gateway_server.go:2404.75,2405.22 1 1
gateway/gateway_server.go:2405.22,2407.3 1 1
gateway/gateway_server.go:2410.2,2411.31 2 1
gateway/gateway_server.go:2411.31,2414.39 1 1
gateway/gateway_server.go:2414.39,2419.12 2 1
gateway/gateway_server.go:2421.3,2421.53 1 1
gateway/gateway_server.go:2424.2,2424.27 1 1
gateway/gateway_server.go:2424.27,2427.3 2 1
gateway/gateway_server.go:2429.2,2438.16 4 1
gateway/gateway_server.go:2438.16,2444.3 2 1
gateway/gateway_server.go:2444.8,2450.3 2 1
gateway/gateway_server.go:2454.112,2456.31 1 1
gateway/gateway_server.go:2456.31,2462.3 2 1
gateway/gateway_server.go:2465.2,2487.16 5 1
gateway/gateway_server.go:2487.16,2489.3 1 0
gateway/gateway_server.go:2492.2,2497.16 4 1
gateway/gateway_server.go:2497.16,2499.3 1 0
gateway/gateway_server.go:2502.2,2503.16 2 1
gateway/gateway_server.go:2503.16,2505.3 1 0
gateway/gateway_server.go:2508.2,2509.16 2 1
gateway/gateway_server.go:2509.16,2511.3 1 1
gateway/gateway_server.go:2513.2,2518.16 5 1
gateway/gateway_server.go:2518.16,2521.3 2 1
gateway/gateway_server.go:2522.2,2526.54 3 1
gateway/gateway_server.go:2526.54,2528.29 1 1
gateway/gateway_server.go:2528.29,2530.4 1 1
gateway/gateway_server.go:2531.3,2531.84 1 1
gateway/gateway_server.go:2535.2,2536.12 2 1
gateway/gateway_server.go:2549.46,2553.6 3 1
gateway/gateway_server.go:2553.6,2554.10 1 1
gateway/gateway_server.go:2555.25,2557.10 2 1
gateway/gateway_server.go:2558.19,2566.43 5 1
gateway/gateway_server.go:2566.43,2569.76 2 1
gateway/gateway_server.go:2569.76,2571.6 1 1
gateway/gateway_server.go:2571.11,2571.81 1 1
gateway/gateway_server.go:2571.81,2573.6 1 1
gateway/gateway_server.go:2573.11,2573.91 1 1
gateway/gateway_server.go:2573.91,2582.6 3 1
gateway/gateway_server.go:2584.5,2584.21 1 1
gateway/gateway_server.go:2584.21,2587.58 2 1
gateway/gateway_server.go:2587.58,2589.7 1 1
gateway/gateway_server.go:2594.4,2594.32 1 1
gateway/gateway_server.go:2594.32,2596.5 1 1
gateway/gateway_server.go:2598.4,2603.39 3 1
gateway/gateway_server.go:2603.39,2605.5 1 1
gateway/gateway_server.go:2607.4,2609.19 2 1
gateway/gateway_server.go:2609.19,2616.5 2 1
gateway/gateway_server.go:2619.4,2623.22 3 1
gateway/gateway_server.go:2623.22,2625.5 1 0
gateway/gateway_server.go:2628.4,2629.27 2 1
gateway/gateway_server.go:2629.27,2631.5 1 1
gateway/nostr.go:37.85,46.2 1 1
gateway/nostr.go:50.85,62.16 4 0
gateway/nostr.go:62.16,64.3 1 0
gateway/nostr.go:66.2,67.16 2 0
gateway/nostr.go:67.16,69.3 1 0
gateway/nostr.go:70.2,72.44 2 0
gateway/nostr.go:72.44,74.3 1 0
gateway/nostr.go:76.2,76.38 1 0
gateway/nostr.go:76.38,79.3 2 0
gateway/nostr.go:81.2,82.16 2 0
gateway/nostr.go:82.16,84.3 1 0
gateway/nostr.go:87.2,88.53 2 0
gateway/nostr.go:88.53,91.55 2 0
gateway/nostr.go:91.55,93.4 1 0
gateway/nostr.go:94.3,94.23 1 0
gateway/nostr.go:94.23,96.4 1 0
gateway/nostr.go:97.3,97.20 1 0
gateway/nostr.go:101.2,102.70 2 0
gateway/nostr.go:102.70,104.3 1 0
gateway/nostr.go:106.2,111.20 2 0
gateway/nostr.go:116.118,123.16 4 1
gateway/nostr.go:123.16,125.3 1 1
gateway/nostr.go:126.2,126.28 1 1
gateway/nostr.go:126.28,128.3 1 1
gateway/nostr.go:131.2,154.40 19 1
gateway/nostr.go:159.69,160.20 1 1
gateway/nostr.go:160.20,162.3 1 1
gateway/nostr.go:163.2,163.57 1 1
